<?xml version="1.0" encoding="UTF-8"?>
<coverage generated="1629775783621" clover="3.2.0">
  <project timestamp="1629775783621" name="All files">
    <metrics statements="27" coveredstatements="27" conditionals="4" coveredconditionals="2" methods="8" coveredmethods="8" elements="39" coveredelements="37" complexity="0" loc="27" ncloc="27" packages="1" files="2" classes="2"/>
    <file name="api.bcb.js" path="/home/psouza/Development/devPleno/convertMyMoney/lib/api.bcb.js">
      <metrics statements="22" coveredstatements="22" conditionals="4" coveredconditionals="2" methods="6" coveredmethods="6"/>
      <line num="1" count="1" type="stmt"/>
      <line num="3" count="1" type="stmt"/>
      <line num="4" count="1" type="stmt"/>
      <line num="6" count="1" type="stmt"/>
      <line num="7" count="1" type="stmt"/>
      <line num="9" count="1" type="stmt"/>
      <line num="10" count="1" type="stmt"/>
      <line num="13" count="1" type="cond" truecount="1" falsecount="1"/>
      <line num="14" count="1" type="cond" truecount="1" falsecount="1"/>
      <line num="15" count="1" type="stmt"/>
      <line num="17" count="1" type="stmt"/>
      <line num="19" count="1" type="stmt"/>
      <line num="23" count="1" type="stmt"/>
      <line num="24" count="3" type="stmt"/>
      <line num="25" count="2" type="stmt"/>
      <line num="26" count="2" type="stmt"/>
      <line num="27" count="2" type="stmt"/>
      <line num="28" count="2" type="stmt"/>
      <line num="29" count="1" type="stmt"/>
      <line num="30" count="1" type="stmt"/>
      <line num="32" count="1" type="stmt"/>
      <line num="36" count="1" type="stmt"/>
    </file>
    <file name="convert.js" path="/home/psouza/Development/devPleno/convertMyMoney/lib/convert.js">
      <metrics statements="5" coveredstatements="5" conditionals="0" coveredconditionals="0" methods="2" coveredmethods="2"/>
      <line num="1" count="1" type="stmt"/>
      <line num="2" count="2" type="stmt"/>
      <line num="5" count="1" type="stmt"/>
      <line num="6" count="2" type="stmt"/>
      <line num="9" count="1" type="stmt"/>
    </file>
  </project>
</coverage>
