{"/home/psouza/Development/devPleno/convertMyMoney/lib/api.bcb.js": {"path":"/home/psouza/Development/devPleno/convertMyMoney/lib/api.bcb.js","statementMap":{"0":{"start":{"line":1,"column":14},"end":{"line":1,"column":30}},"1":{"start":{"line":3,"column":15},"end":{"line":4,"column":174}},"2":{"start":{"line":4,"column":2},"end":{"line":4,"column":174}},"3":{"start":{"line":6,"column":22},"end":{"line":6,"column":43}},"4":{"start":{"line":6,"column":29},"end":{"line":6,"column":43}},"5":{"start":{"line":7,"column":23},"end":{"line":7,"column":61}},"6":{"start":{"line":7,"column":30},"end":{"line":7,"column":61}},"7":{"start":{"line":9,"column":17},"end":{"line":20,"column":1}},"8":{"start":{"line":10,"column":16},"end":{"line":10,"column":26}},"9":{"start":{"line":13,"column":14},"end":{"line":13,"column":76}},"10":{"start":{"line":14,"column":14},"end":{"line":14,"column":93}},"11":{"start":{"line":15,"column":15},"end":{"line":15,"column":34}},"12":{"start":{"line":17,"column":19},"end":{"line":17,"column":47}},"13":{"start":{"line":19,"column":2},"end":{"line":19,"column":17}},"14":{"start":{"line":23,"column":2},"end":{"line":34,"column":3}},"15":{"start":{"line":24,"column":2},"end":{"line":34,"column":3}},"16":{"start":{"line":25,"column":4},"end":{"line":33,"column":5}},"17":{"start":{"line":26,"column":20},"end":{"line":26,"column":30}},"18":{"start":{"line":27,"column":18},"end":{"line":27,"column":31}},"19":{"start":{"line":28,"column":18},"end":{"line":28,"column":42}},"20":{"start":{"line":29,"column":22},"end":{"line":29,"column":41}},"21":{"start":{"line":30,"column":6},"end":{"line":30,"column":20}},"22":{"start":{"line":32,"column":6},"end":{"line":32,"column":15}},"23":{"start":{"line":36,"column":0},"end":{"line":45,"column":1}}},"fnMap":{"0":{"name":"(anonymous_0)","decl":{"start":{"line":3,"column":15},"end":{"line":3,"column":16}},"loc":{"start":{"line":4,"column":2},"end":{"line":4,"column":174}},"line":4},"1":{"name":"(anonymous_1)","decl":{"start":{"line":6,"column":22},"end":{"line":6,"column":23}},"loc":{"start":{"line":6,"column":29},"end":{"line":6,"column":43}},"line":6},"2":{"name":"(anonymous_2)","decl":{"start":{"line":7,"column":23},"end":{"line":7,"column":24}},"loc":{"start":{"line":7,"column":30},"end":{"line":7,"column":61}},"line":7},"3":{"name":"(anonymous_3)","decl":{"start":{"line":9,"column":17},"end":{"line":9,"column":18}},"loc":{"start":{"line":9,"column":23},"end":{"line":20,"column":1}},"line":9},"4":{"name":"(anonymous_4)","decl":{"start":{"line":23,"column":2},"end":{"line":23,"column":3}},"loc":{"start":{"line":24,"column":2},"end":{"line":34,"column":3}},"line":24},"5":{"name":"(anonymous_5)","decl":{"start":{"line":24,"column":2},"end":{"line":24,"column":3}},"loc":{"start":{"line":24,"column":14},"end":{"line":34,"column":3}},"line":24}},"branchMap":{"0":{"loc":{"start":{"line":13,"column":14},"end":{"line":13,"column":76}},"type":"cond-expr","locations":[{"start":{"line":13,"column":37},"end":{"line":13,"column":58}},{"start":{"line":13,"column":61},"end":{"line":13,"column":76}}],"line":13},"1":{"loc":{"start":{"line":14,"column":14},"end":{"line":14,"column":93}},"type":"cond-expr","locations":[{"start":{"line":14,"column":42},"end":{"line":14,"column":70}},{"start":{"line":14,"column":73},"end":{"line":14,"column":93}}],"line":14}},"s":{"0":1,"1":1,"2":1,"3":1,"4":1,"5":1,"6":1,"7":1,"8":1,"9":1,"10":1,"11":1,"12":1,"13":1,"14":1,"15":3,"16":2,"17":2,"18":2,"19":2,"20":1,"21":1,"22":1,"23":1},"f":{"0":1,"1":1,"2":1,"3":1,"4":3,"5":2},"b":{"0":[1,0],"1":[1,0]},"_coverageSchema":"1a1c01bbd47fc00a2c39e90264f33305004495a9","hash":"8ce89f7d43d023af6632a0277f10251b04dd2064"}
,"/home/psouza/Development/devPleno/convertMyMoney/lib/convert.js": {"path":"/home/psouza/Development/devPleno/convertMyMoney/lib/convert.js","statementMap":{"0":{"start":{"line":1,"column":16},"end":{"line":3,"column":1}},"1":{"start":{"line":2,"column":2},"end":{"line":2,"column":29}},"2":{"start":{"line":5,"column":16},"end":{"line":7,"column":1}},"3":{"start":{"line":6,"column":2},"end":{"line":6,"column":37}},"4":{"start":{"line":9,"column":0},"end":{"line":9,"column":37}}},"fnMap":{"0":{"name":"(anonymous_0)","decl":{"start":{"line":1,"column":16},"end":{"line":1,"column":17}},"loc":{"start":{"line":1,"column":41},"end":{"line":3,"column":1}},"line":1},"1":{"name":"(anonymous_1)","decl":{"start":{"line":5,"column":16},"end":{"line":5,"column":17}},"loc":{"start":{"line":5,"column":25},"end":{"line":7,"column":1}},"line":5}},"branchMap":{},"s":{"0":1,"1":2,"2":1,"3":2,"4":1},"f":{"0":2,"1":2},"b":{},"_coverageSchema":"1a1c01bbd47fc00a2c39e90264f33305004495a9","hash":"fe3ccddd8ebba63ae4398c615650ecfb92f8f3c3"}
}
